<?xml version="1.0" encoding="UTF-8" ?>
<testsuite failures="0" time="0.036" errors="0" skipped="0" tests="20" name="fr.norsys.tpTdd.serveur.service.PersonneServiceTest">
  <properties>
[...]
</properties>
  <testcase time="0.007" classname="fr.norsys.tpTdd.serveur.service.PersonneServiceTest" name="insertPersonne"/>
  <testcase time="0.002" classname="fr.norsys.tpTdd.serveur.service.PersonneServiceTest" name="updatePersonne"/>
  <testcase time="0.002" classname="fr.norsys.tpTdd.serveur.service.PersonneServiceTest" name="deletePersonne"/>
  <testcase time="0.002" classname="fr.norsys.tpTdd.serveur.service.PersonneServiceTest" name="selectListePersonne"/>
  <testcase time="0.001" classname="fr.norsys.tpTdd.serveur.service.PersonneServiceTest" name="selectListePersonne2"/>
  <testcase time="0.002" classname="fr.norsys.tpTdd.serveur.service.PersonneServiceTest" name="selectListePersonne3"/>
  <testcase time="0.001" classname="fr.norsys.tpTdd.serveur.service.PersonneServiceTest" name="insertPersonneCheckValideData1"/>
  <testcase time="0.001" classname="fr.norsys.tpTdd.serveur.service.PersonneServiceTest" name="insertPersonneCheckValideData2"/>
  <testcase time="0.001" classname="fr.norsys.tpTdd.serveur.service.PersonneServiceTest" name="insertPersonneCheckValideData3"/>
  <testcase time="0.001" classname="fr.norsys.tpTdd.serveur.service.PersonneServiceTest" name="insertPersonneCheckValideData4"/>
  <testcase time="0.001" classname="fr.norsys.tpTdd.serveur.service.PersonneServiceTest" name="insertPersonneCheckValideData5"/>
  <testcase time="0.002" classname="fr.norsys.tpTdd.serveur.service.PersonneServiceTest" name="insert2XTheSamePersonne"/>
  <testcase time="0.002" classname="fr.norsys.tpTdd.serveur.service.PersonneServiceTest" name="updatePersonneCheckDataValide1"/>
  <testcase time="0.001" classname="fr.norsys.tpTdd.serveur.service.PersonneServiceTest" name="updatePersonneCheckDataValide2"/>
  <testcase time="0.001" classname="fr.norsys.tpTdd.serveur.service.PersonneServiceTest" name="updatePersonneCheckDataValide3"/>
  <testcase time="0.001" classname="fr.norsys.tpTdd.serveur.service.PersonneServiceTest" name="updatePersonneCheckDataValide4"/>
  <testcase time="0.001" classname="fr.norsys.tpTdd.serveur.service.PersonneServiceTest" name="updatePersonneCheckDataValide5"/>
  <testcase time="0.001" classname="fr.norsys.tpTdd.serveur.service.PersonneServiceTest" name="deletePersonneCheckDataValide1"/>
  <testcase time="0.001" classname="fr.norsys.tpTdd.serveur.service.PersonneServiceTest" name="deletePersonneCheckDataValide2"/>
  <testcase time="0.002" classname="fr.norsys.tpTdd.serveur.service.PersonneServiceTest" name="delete2XSamePersonne"/>
</testsuite>